<?xml version="1.0" encoding="UTF-8"?>
<!-- Generated by org.testng.reporters.JUnitReportReporter -->
<testsuite hostname="TABLET-U7QB37TK" failures="0" tests="1" name="src.dev.SelTest" time="11.294" errors="0" timestamp="2023-05-13T15:41:04 IST" skipped="0">
  <testcase classname="src.dev.SelTest" name="searchh" time="11.294"/>
  <system-out/>
</testsuite> <!-- src.dev.SelTest -->
