<?xml version="1.0" encoding="UTF-8"?>
<!-- Generated by org.testng.reporters.JUnitReportReporter -->
<testsuite hostname="TABLET-U7QB37TK" failures="0" tests="1" name="com.sdet.AppTest" time="0.028" errors="0" timestamp="2023-05-13T14:52:09 IST" skipped="0">
  <testcase classname="com.sdet.AppTest" name="loginTest" time="0.028"/>
  <system-out/>
</testsuite> <!-- com.sdet.AppTest -->
