<?xml version="1.0" encoding="UTF-8"?>
<!-- Generated by org.testng.reporters.JUnitReportReporter -->
<testsuite hostname="TABLET-U7QB37TK" failures="0" tests="1" name="src.dev.SelTest" time="7.433" errors="0" timestamp="2023-05-13T17:10:08 IST" skipped="0">
  <testcase classname="src.dev.SelTest" name="searchh" time="7.433"/>
  <system-out/>
</testsuite> <!-- src.dev.SelTest -->
