<?xml version="1.0" encoding="UTF-8"?>
<!-- Generated by org.testng.reporters.JUnitReportReporter -->
<testsuite hostname="TABLET-U7QB37TK" failures="0" tests="1" name="com.sdet.AppTest" time="0.038" errors="0" timestamp="2023-05-13T17:10:08 IST" skipped="0">
  <testcase classname="com.sdet.AppTest" name="loginTest" time="0.038"/>
  <system-out/>
</testsuite> <!-- com.sdet.AppTest -->
